<?xml version="1.0" encoding="UTF-8"?>
<!-- Generated by org.testng.reporters.JUnitReportReporter -->
<testsuite hostname="Deepus-MacBook-Pro.local" failures="0" tests="1" name="com.framework.ui.selenium.test.BasicTestWDIT" time="32.976" errors="0" timestamp="21 Mar 2018 16:44:32 GMT">
  <testcase classname="com.framework.ui.selenium.test.BasicTestWDIT" name="searchUsingWorkFlowPattern" time="32.976"/>
</testsuite> <!-- com.framework.ui.selenium.test.BasicTestWDIT -->
