<?xml version="1.0" encoding="UTF-8"?>
<!-- Generated by org.testng.reporters.JUnitReportReporter -->
<testsuite hostname="Deepus-MacBook-Pro.local" failures="0" tests="6" name="com.framework.ui.selenium.test.BasicTestWDIT" time="30.458" errors="0" timestamp="21 Feb 2018 08:33:16 GMT">
  <testcase classname="com.framework.ui.selenium.test.BasicTestWDIT" name="googleKholiExample" time="2.372"/>
  <testcase classname="com.framework.ui.selenium.test.BasicTestWDIT" name="googleSachinExample" time="3.067"/>
  <testcase classname="com.framework.ui.selenium.test.BasicTestWDIT" name="googleGeneralElectricExample" time="3.740"/>
  <testcase classname="com.framework.ui.selenium.test.BasicTestWDIT" name="googleDravidExample" time="8.606"/>
  <testcase classname="com.framework.ui.selenium.test.BasicTestWDIT" name="googleMilkExample" time="2.998"/>
  <testcase classname="com.framework.ui.selenium.test.BasicTestWDIT" name="googleCheeseExample" time="9.675"/>
</testsuite> <!-- com.framework.ui.selenium.test.BasicTestWDIT -->
