<?xml version="1.0" encoding="UTF-8"?>
<!-- Generated by org.testng.reporters.JUnitReportReporter -->
<testsuite hostname="Deepus-MacBook-Pro.local" failures="0" tests="1" name="com.framework.ui.selenium.test.BasicTestWDIT" time="31.307" errors="0" timestamp="25 Mar 2018 16:08:34 GMT">
  <testcase classname="com.framework.ui.selenium.test.BasicTestWDIT" name="dragAndDropTest" time="31.307"/>
</testsuite> <!-- com.framework.ui.selenium.test.BasicTestWDIT -->
